[debug] [2020-12-16T15:34:07.189Z] ----------------------------------------------------------------------
[debug] [2020-12-16T15:34:07.192Z] Command:       C:\Program Files\nodejs\node.exe C:\Users\38095\AppData\Roaming\npm\node_modules\firebase-tools\lib\bin\firebase.js deploy
[debug] [2020-12-16T15:34:07.193Z] CLI Version:   9.0.0
[debug] [2020-12-16T15:34:07.193Z] Platform:      win32
[debug] [2020-12-16T15:34:07.193Z] Node Version:  v14.8.0
[debug] [2020-12-16T15:34:07.194Z] Time:          Wed Dec 16 2020 17:34:07 GMT+0200 (Восточная Европа, стандартное время)
[debug] [2020-12-16T15:34:07.195Z] ----------------------------------------------------------------------
[debug] [2020-12-16T15:34:07.195Z] 
[debug] [2020-12-16T15:34:07.206Z] > command requires scopes: ["email","openid","https://www.googleapis.com/auth/cloudplatformprojects.readonly","https://www.googleapis.com/auth/firebase","https://www.googleapis.com/auth/cloud-platform"]
[debug] [2020-12-16T15:34:07.207Z] > authorizing via signed-in user
[debug] [2020-12-16T15:34:07.207Z] [iam] checking project monopoly-life for permissions ["cloudfunctions.functions.create","cloudfunctions.functions.delete","cloudfunctions.functions.get","cloudfunctions.functions.list","cloudfunctions.functions.update","cloudfunctions.operations.get","firebase.projects.get"]
[debug] [2020-12-16T15:34:07.212Z] > refreshing access token with scopes: ["email","https://www.googleapis.com/auth/cloud-platform","https://www.googleapis.com/auth/cloudplatformprojects.readonly","https://www.googleapis.com/auth/firebase","openid"]
[debug] [2020-12-16T15:34:07.212Z] >>> HTTP REQUEST POST https://www.googleapis.com/oauth2/v3/token  
 <request body omitted>
[debug] [2020-12-16T15:34:07.430Z] <<< HTTP RESPONSE 200 {"cache-control":"no-cache, no-store, max-age=0, must-revalidate","date":"Wed, 16 Dec 2020 15:34:10 GMT","pragma":"no-cache","expires":"Mon, 01 Jan 1990 00:00:00 GMT","content-type":"application/json; charset=utf-8","vary":"X-Origin, Referer, Origin,Accept-Encoding","server":"scaffolding on HTTPServer2","x-xss-protection":"0","x-frame-options":"SAMEORIGIN","x-content-type-options":"nosniff","alt-svc":"h3-29=\":443\"; ma=2592000,h3-T051=\":443\"; ma=2592000,h3-Q050=\":443\"; ma=2592000,h3-Q046=\":443\"; ma=2592000,h3-Q043=\":443\"; ma=2592000,quic=\":443\"; ma=2592000; v=\"46,43\"","accept-ranges":"none","transfer-encoding":"chunked"}
[debug] [2020-12-16T15:34:07.472Z] >>> HTTP REQUEST POST https://cloudresourcemanager.googleapis.com/v1/projects/monopoly-life:testIamPermissions  
 {"permissions":["cloudfunctions.functions.create","cloudfunctions.functions.delete","cloudfunctions.functions.get","cloudfunctions.functions.list","cloudfunctions.functions.update","cloudfunctions.operations.get","firebase.projects.get"]}
[debug] [2020-12-16T15:34:08.330Z] <<< HTTP RESPONSE 200 {"content-type":"application/json; charset=UTF-8","vary":"X-Origin, Referer, Origin,Accept-Encoding","date":"Wed, 16 Dec 2020 15:34:11 GMT","server":"ESF","cache-control":"private","x-xss-protection":"0","x-frame-options":"SAMEORIGIN","x-content-type-options":"nosniff","server-timing":"gfet4t7; dur=707","alt-svc":"h3-29=\":443\"; ma=2592000,h3-T051=\":443\"; ma=2592000,h3-Q050=\":443\"; ma=2592000,h3-Q046=\":443\"; ma=2592000,h3-Q043=\":443\"; ma=2592000,quic=\":443\"; ma=2592000; v=\"46,43\"","accept-ranges":"none","transfer-encoding":"chunked"}
[debug] [2020-12-16T15:34:08.331Z] >>> HTTP REQUEST POST https://iam.googleapis.com/v1/projects/monopoly-life/serviceAccounts/monopoly-life@appspot.gserviceaccount.com:testIamPermissions  
 {"permissions":["iam.serviceAccounts.actAs"]}
[debug] [2020-12-16T15:34:09.175Z] <<< HTTP RESPONSE 200 {"content-type":"application/json; charset=UTF-8","vary":"X-Origin, Referer, Origin,Accept-Encoding","date":"Wed, 16 Dec 2020 15:34:11 GMT","server":"ESF","cache-control":"private","x-xss-protection":"0","x-frame-options":"SAMEORIGIN","x-content-type-options":"nosniff","alt-svc":"h3-29=\":443\"; ma=2592000,h3-T051=\":443\"; ma=2592000,h3-Q050=\":443\"; ma=2592000,h3-Q046=\":443\"; ma=2592000,h3-Q043=\":443\"; ma=2592000,quic=\":443\"; ma=2592000; v=\"46,43\"","accept-ranges":"none","transfer-encoding":"chunked"}
[info] 
[info] === Deploying to 'monopoly-life'...
[info] 
[info] i  deploying functions 
[debug] [2020-12-16T15:34:32.655Z] > [functions] package.json contents: {
  "name": "functions",
  "description": "Cloud Functions for Firebase",
  "scripts": {
    "serve": "firebase emulators:start --only functions",
    "shell": "firebase functions:shell",
    "start": "npm run shell",
    "deploy": "firebase deploy --only functions",
    "logs": "firebase functions:log"
  },
  "engines": {
    "node": "14"
  },
  "main": "index.js",
  "dependencies": {
    "firebase-admin": "^8.10.0",
    "firebase-functions": "^3.6.1",
    "axios": "^0.21.0",
    "bcryptjs": "^2.4.3",
    "body-parser": "^1.19.0",
    "coinpayments": "^2.1.0",
    "cors": "^2.8.5",
    "dependencies": "0.0.1",
    "express": "^4.17.1",
    "express-jwt": "^6.0.0",
    "joi": "^17.3.0",
    "jsonwebtoken": "^8.5.1",
    "mysql": "^2.18.1",
    "mysql2": "^2.2.5",
    "node-fetch": "^2.6.1",
    "rootpath": "^0.1.2",
    "sequelize": "^6.3.5",
    "socket.io": "^3.0.3"
  },
  "devDependencies": {
    "firebase-functions-test": "^0.2.0"
  },
  "private": true
}
[info] i  functions: ensuring required API cloudfunctions.googleapis.com is enabled... 
[info] i  functions: ensuring required API cloudbuild.googleapis.com is enabled... 
[debug] [2020-12-16T15:34:35.762Z] >>> HTTP REQUEST GET https://serviceusage.googleapis.com/v1/projects/monopoly-life/services/cloudfunctions.googleapis.com  
 
[debug] [2020-12-16T15:34:35.763Z] >>> HTTP REQUEST GET https://serviceusage.googleapis.com/v1/projects/monopoly-life/services/runtimeconfig.googleapis.com  
 
[debug] [2020-12-16T15:34:35.763Z] >>> HTTP REQUEST GET https://serviceusage.googleapis.com/v1/projects/monopoly-life/services/cloudbuild.googleapis.com  
 
[debug] [2020-12-16T15:34:36.896Z] <<< HTTP RESPONSE 200 {"content-type":"application/json; charset=UTF-8","vary":"X-Origin, Referer, Origin,Accept-Encoding","date":"Wed, 16 Dec 2020 15:34:39 GMT","server":"ESF","cache-control":"private","x-xss-protection":"0","x-frame-options":"SAMEORIGIN","x-content-type-options":"nosniff","alt-svc":"h3-29=\":443\"; ma=2592000,h3-T051=\":443\"; ma=2592000,h3-Q050=\":443\"; ma=2592000,h3-Q046=\":443\"; ma=2592000,h3-Q043=\":443\"; ma=2592000,quic=\":443\"; ma=2592000; v=\"46,43\"","accept-ranges":"none","transfer-encoding":"chunked"}
[debug] [2020-12-16T15:34:36.916Z] <<< HTTP RESPONSE 200 {"content-type":"application/json; charset=UTF-8","vary":"X-Origin, Referer, Origin,Accept-Encoding","date":"Wed, 16 Dec 2020 15:34:39 GMT","server":"ESF","cache-control":"private","x-xss-protection":"0","x-frame-options":"SAMEORIGIN","x-content-type-options":"nosniff","alt-svc":"h3-29=\":443\"; ma=2592000,h3-T051=\":443\"; ma=2592000,h3-Q050=\":443\"; ma=2592000,h3-Q046=\":443\"; ma=2592000,h3-Q043=\":443\"; ma=2592000,quic=\":443\"; ma=2592000; v=\"46,43\"","accept-ranges":"none","transfer-encoding":"chunked"}
[info] +  functions: required API cloudbuild.googleapis.com is enabled 
[debug] [2020-12-16T15:34:36.933Z] <<< HTTP RESPONSE 200 {"content-type":"application/json; charset=UTF-8","vary":"X-Origin, Referer, Origin,Accept-Encoding","date":"Wed, 16 Dec 2020 15:34:39 GMT","server":"ESF","cache-control":"private","x-xss-protection":"0","x-frame-options":"SAMEORIGIN","x-content-type-options":"nosniff","alt-svc":"h3-29=\":443\"; ma=2592000,h3-T051=\":443\"; ma=2592000,h3-Q050=\":443\"; ma=2592000,h3-Q046=\":443\"; ma=2592000,h3-Q043=\":443\"; ma=2592000,quic=\":443\"; ma=2592000; v=\"46,43\"","accept-ranges":"none","transfer-encoding":"chunked"}
[info] +  functions: required API cloudfunctions.googleapis.com is enabled 
[debug] [2020-12-16T15:34:36.935Z] >>> HTTP REQUEST GET https://firebase.googleapis.com/v1beta1/projects/monopoly-life/adminSdkConfig  
 
[debug] [2020-12-16T15:34:37.350Z] <<< HTTP RESPONSE 200 {"content-type":"application/json; charset=UTF-8","vary":"X-Origin, Referer, Origin,Accept-Encoding","date":"Wed, 16 Dec 2020 15:34:40 GMT","server":"ESF","cache-control":"private","x-xss-protection":"0","x-frame-options":"SAMEORIGIN","x-content-type-options":"nosniff","alt-svc":"h3-29=\":443\"; ma=2592000,h3-T051=\":443\"; ma=2592000,h3-Q050=\":443\"; ma=2592000,h3-Q046=\":443\"; ma=2592000,h3-Q043=\":443\"; ma=2592000,quic=\":443\"; ma=2592000; v=\"46,43\"","accept-ranges":"none","transfer-encoding":"chunked"}
[info] i  functions: preparing functions directory for uploading... 
[debug] [2020-12-16T15:34:37.352Z] >>> HTTP REQUEST GET https://runtimeconfig.googleapis.com/v1beta1/projects/monopoly-life/configs  
 
[debug] [2020-12-16T15:34:37.705Z] <<< HTTP RESPONSE 200 {"content-type":"application/json; charset=UTF-8","vary":"X-Origin, Referer, Origin,Accept-Encoding","date":"Wed, 16 Dec 2020 15:34:40 GMT","server":"ESF","cache-control":"private","x-xss-protection":"0","x-frame-options":"SAMEORIGIN","x-content-type-options":"nosniff","alt-svc":"h3-29=\":443\"; ma=2592000,h3-T051=\":443\"; ma=2592000,h3-Q050=\":443\"; ma=2592000,h3-Q046=\":443\"; ma=2592000,h3-Q043=\":443\"; ma=2592000,quic=\":443\"; ma=2592000; v=\"46,43\"","accept-ranges":"none","transfer-encoding":"chunked"}
[info] i  functions: packaged functions (66.5 KB) for uploading 
[debug] [2020-12-16T15:34:38.661Z] >>> HTTP REQUEST GET https://cloudfunctions.googleapis.com/v1/projects/monopoly-life/locations/-/functions  
 
[debug] [2020-12-16T15:34:39.283Z] <<< HTTP RESPONSE 200 {"content-type":"application/json; charset=UTF-8","vary":"X-Origin, Referer, Origin,Accept-Encoding","date":"Wed, 16 Dec 2020 15:34:42 GMT","server":"ESF","cache-control":"private","x-xss-protection":"0","x-frame-options":"SAMEORIGIN","x-content-type-options":"nosniff","alt-svc":"h3-29=\":443\"; ma=2592000,h3-T051=\":443\"; ma=2592000,h3-Q050=\":443\"; ma=2592000,h3-Q046=\":443\"; ma=2592000,h3-Q043=\":443\"; ma=2592000,quic=\":443\"; ma=2592000; v=\"46,43\"","accept-ranges":"none","transfer-encoding":"chunked"}
[debug] [2020-12-16T15:34:39.286Z] >>> HTTP REQUEST POST https://cloudfunctions.googleapis.com/v1/projects/monopoly-life/locations/us-central1/functions:generateUploadUrl  
 
[debug] [2020-12-16T15:34:40.111Z] <<< HTTP RESPONSE 200 {"content-type":"application/json; charset=UTF-8","vary":"X-Origin, Referer, Origin,Accept-Encoding","date":"Wed, 16 Dec 2020 15:34:42 GMT","server":"ESF","cache-control":"private","x-xss-protection":"0","x-frame-options":"SAMEORIGIN","x-content-type-options":"nosniff","alt-svc":"h3-29=\":443\"; ma=2592000,h3-T051=\":443\"; ma=2592000,h3-Q050=\":443\"; ma=2592000,h3-Q046=\":443\"; ma=2592000,h3-Q043=\":443\"; ma=2592000,quic=\":443\"; ma=2592000; v=\"46,43\"","accept-ranges":"none","transfer-encoding":"chunked"}
[debug] [2020-12-16T15:34:40.111Z] >>> HTTP REQUEST PUT https://storage.googleapis.com/gcf-upload-us-central1-e6f6da59-4475-45c9-9dfd-bb73e5638b6b/b40ad761-64fa-4566-926a-c716d43ebc98.zip?GoogleAccessId=service-826576425511@gcf-admin-robot.iam.gserviceaccount.com&Expires=1608134682&Signature=LVJd57tRHjV%2Ben9jtuIlbD7YvTlr5pDRcciTWrQTm%2Bu6WdPX2pCUgyxqol5mmQAqROLh8%2BpENQ6WJn4YJqSUxvNnd45BUHKV7YAEEU%2F7y0TvXUqYU8rtMPA5Jxv4FzJN1EFLG3FimMYiAOZXG7f6nuL7MqiFRpGQ4fYL4CEqHmtuHKNXvJbl7iEAeqabjI20j2XNXW5qGXEpMVNVpjQZ3TVuVtKZd9N5xK6SMW9qanSYA%2FVe8By352syKH5CYQ%2FOHK7iffZTO9kquumuhCWRmBM4JVClX4JaVDh%2B%2FdQpvWVJ5b7d3KB%2F%2BJg1s0Lx2CeuyCDd8yPTqYo7EwoNKa2N7A%3D%3D  
 <request body omitted>
[debug] [2020-12-16T15:34:40.717Z] <<< HTTP RESPONSE 200 {"x-guploader-uploadid":"ABg5-UxM8qI5UBf_jhL4acuPTz7tv2_lLri-phxnzNWPLqP99wZQYoLovkkTcxPuIfVIVC6vpnQF1qrqUVf9c5CRVUYN_YJ71g","etag":"\"268b49c47601a63c24c6a77393d9fd4f\"","x-goog-generation":"1608132883380593","x-goog-metageneration":"1","x-goog-hash":"crc32c=F/SJpg==, md5=JotJxHYBpjwkxqdzk9n9Tw==","x-goog-stored-content-length":"68101","x-goog-stored-content-encoding":"identity","vary":"Origin","content-length":"0","date":"Wed, 16 Dec 2020 15:34:43 GMT","server":"UploadServer","content-type":"text/html; charset=UTF-8","alt-svc":"h3-29=\":443\"; ma=2592000,h3-T051=\":443\"; ma=2592000,h3-Q050=\":443\"; ma=2592000,h3-Q046=\":443\"; ma=2592000,h3-Q043=\":443\"; ma=2592000,quic=\":443\"; ma=2592000; v=\"46,43\""}
[info] +  functions: functions folder uploaded successfully 
[info] i  functions: updating Node.js 14 (Beta) function app(us-central1)... 
[debug] [2020-12-16T15:34:40.723Z] Trigger is:  {"httpsTrigger":{}}
[debug] [2020-12-16T15:34:40.725Z] >>> HTTP REQUEST PATCH https://cloudfunctions.googleapis.com/v1/projects/monopoly-life/locations/us-central1/functions/app {"updateMask":"sourceUploadUrl,name,labels,runtime,environmentVariables,httpsTrigger"} 
 {"sourceUploadUrl":"https://storage.googleapis.com/gcf-upload-us-central1-e6f6da59-4475-45c9-9dfd-bb73e5638b6b/b40ad761-64fa-4566-926a-c716d43ebc98.zip?GoogleAccessId=service-826576425511@gcf-admin-robot.iam.gserviceaccount.com&Expires=1608134682&Signature=LVJd57tRHjV%2Ben9jtuIlbD7YvTlr5pDRcciTWrQTm%2Bu6WdPX2pCUgyxqol5mmQAqROLh8%2BpENQ6WJn4YJqSUxvNnd45BUHKV7YAEEU%2F7y0TvXUqYU8rtMPA5Jxv4FzJN1EFLG3FimMYiAOZXG7f6nuL7MqiFRpGQ4fYL4CEqHmtuHKNXvJbl7iEAeqabjI20j2XNXW5qGXEpMVNVpjQZ3TVuVtKZd9N5xK6SMW9qanSYA%2FVe8By352syKH5CYQ%2FOHK7iffZTO9kquumuhCWRmBM4JVClX4JaVDh%2B%2FdQpvWVJ5b7d3KB%2F%2BJg1s0Lx2CeuyCDd8yPTqYo7EwoNKa2N7A%3D%3D","name":"projects/monopoly-life/locations/us-central1/functions/app","labels":{"deployment-tool":"cli-firebase"},"httpsTrigger":{},"runtime":"nodejs14","environmentVariables":{"FIREBASE_CONFIG":"{\"projectId\":\"monopoly-life\",\"storageBucket\":\"monopoly-life.appspot.com\"}"}}
[debug] [2020-12-16T15:34:41.452Z] <<< HTTP RESPONSE 200 {"content-type":"application/json; charset=UTF-8","vary":"X-Origin, Referer, Origin,Accept-Encoding","date":"Wed, 16 Dec 2020 15:34:44 GMT","server":"ESF","cache-control":"private","x-xss-protection":"0","x-frame-options":"SAMEORIGIN","x-content-type-options":"nosniff","alt-svc":"h3-29=\":443\"; ma=2592000,h3-T051=\":443\"; ma=2592000,h3-Q050=\":443\"; ma=2592000,h3-Q046=\":443\"; ma=2592000,h3-Q043=\":443\"; ma=2592000,quic=\":443\"; ma=2592000; v=\"46,43\"","accept-ranges":"none","transfer-encoding":"chunked"}
[debug] [2020-12-16T15:34:41.454Z] >>> HTTP REQUEST GET https://cloudfunctions.googleapis.com/v1/projects/monopoly-life/locations/-/functions  
 
[debug] [2020-12-16T15:34:42.008Z] <<< HTTP RESPONSE 200 {"content-type":"application/json; charset=UTF-8","vary":"X-Origin, Referer, Origin,Accept-Encoding","date":"Wed, 16 Dec 2020 15:34:44 GMT","server":"ESF","cache-control":"private","x-xss-protection":"0","x-frame-options":"SAMEORIGIN","x-content-type-options":"nosniff","alt-svc":"h3-29=\":443\"; ma=2592000,h3-T051=\":443\"; ma=2592000,h3-Q050=\":443\"; ma=2592000,h3-Q046=\":443\"; ma=2592000,h3-Q043=\":443\"; ma=2592000,quic=\":443\"; ma=2592000; v=\"46,43\"","accept-ranges":"none","transfer-encoding":"chunked"}
[debug] [2020-12-16T15:34:42.030Z] >>> HTTP REQUEST GET https://cloudfunctions.googleapis.com/v1/operations/bW9ub3BvbHktbGlmZS91cy1jZW50cmFsMS9hcHAvSXVmMTd5ajhSbzA  
 
[debug] [2020-12-16T15:34:42.306Z] <<< HTTP RESPONSE 200 {"content-type":"application/json; charset=UTF-8","vary":"X-Origin, Referer, Origin,Accept-Encoding","date":"Wed, 16 Dec 2020 15:34:45 GMT","server":"ESF","cache-control":"private","x-xss-protection":"0","x-frame-options":"SAMEORIGIN","x-content-type-options":"nosniff","alt-svc":"h3-29=\":443\"; ma=2592000,h3-T051=\":443\"; ma=2592000,h3-Q050=\":443\"; ma=2592000,h3-Q046=\":443\"; ma=2592000,h3-Q043=\":443\"; ma=2592000,quic=\":443\"; ma=2592000; v=\"46,43\"","accept-ranges":"none","transfer-encoding":"chunked"}
[debug] [2020-12-16T15:34:44.322Z] >>> HTTP REQUEST GET https://cloudfunctions.googleapis.com/v1/operations/bW9ub3BvbHktbGlmZS91cy1jZW50cmFsMS9hcHAvSXVmMTd5ajhSbzA  
 
[debug] [2020-12-16T15:34:44.588Z] <<< HTTP RESPONSE 200 {"content-type":"application/json; charset=UTF-8","vary":"X-Origin, Referer, Origin,Accept-Encoding","date":"Wed, 16 Dec 2020 15:34:47 GMT","server":"ESF","cache-control":"private","x-xss-protection":"0","x-frame-options":"SAMEORIGIN","x-content-type-options":"nosniff","alt-svc":"h3-29=\":443\"; ma=2592000,h3-T051=\":443\"; ma=2592000,h3-Q050=\":443\"; ma=2592000,h3-Q046=\":443\"; ma=2592000,h3-Q043=\":443\"; ma=2592000,quic=\":443\"; ma=2592000; v=\"46,43\"","accept-ranges":"none","transfer-encoding":"chunked"}
[debug] [2020-12-16T15:34:46.605Z] >>> HTTP REQUEST GET https://cloudfunctions.googleapis.com/v1/operations/bW9ub3BvbHktbGlmZS91cy1jZW50cmFsMS9hcHAvSXVmMTd5ajhSbzA  
 
[debug] [2020-12-16T15:34:46.876Z] <<< HTTP RESPONSE 200 {"content-type":"application/json; charset=UTF-8","vary":"X-Origin, Referer, Origin,Accept-Encoding","date":"Wed, 16 Dec 2020 15:34:49 GMT","server":"ESF","cache-control":"private","x-xss-protection":"0","x-frame-options":"SAMEORIGIN","x-content-type-options":"nosniff","alt-svc":"h3-29=\":443\"; ma=2592000,h3-T051=\":443\"; ma=2592000,h3-Q050=\":443\"; ma=2592000,h3-Q046=\":443\"; ma=2592000,h3-Q043=\":443\"; ma=2592000,quic=\":443\"; ma=2592000; v=\"46,43\"","accept-ranges":"none","transfer-encoding":"chunked"}
[debug] [2020-12-16T15:34:48.890Z] >>> HTTP REQUEST GET https://cloudfunctions.googleapis.com/v1/operations/bW9ub3BvbHktbGlmZS91cy1jZW50cmFsMS9hcHAvSXVmMTd5ajhSbzA  
 
[debug] [2020-12-16T15:34:49.158Z] <<< HTTP RESPONSE 200 {"content-type":"application/json; charset=UTF-8","vary":"X-Origin, Referer, Origin,Accept-Encoding","date":"Wed, 16 Dec 2020 15:34:51 GMT","server":"ESF","cache-control":"private","x-xss-protection":"0","x-frame-options":"SAMEORIGIN","x-content-type-options":"nosniff","alt-svc":"h3-29=\":443\"; ma=2592000,h3-T051=\":443\"; ma=2592000,h3-Q050=\":443\"; ma=2592000,h3-Q046=\":443\"; ma=2592000,h3-Q043=\":443\"; ma=2592000,quic=\":443\"; ma=2592000; v=\"46,43\"","accept-ranges":"none","transfer-encoding":"chunked"}
[debug] [2020-12-16T15:34:51.159Z] >>> HTTP REQUEST GET https://cloudfunctions.googleapis.com/v1/operations/bW9ub3BvbHktbGlmZS91cy1jZW50cmFsMS9hcHAvSXVmMTd5ajhSbzA  
 
[debug] [2020-12-16T15:34:51.413Z] <<< HTTP RESPONSE 200 {"content-type":"application/json; charset=UTF-8","vary":"X-Origin, Referer, Origin,Accept-Encoding","date":"Wed, 16 Dec 2020 15:34:54 GMT","server":"ESF","cache-control":"private","x-xss-protection":"0","x-frame-options":"SAMEORIGIN","x-content-type-options":"nosniff","alt-svc":"h3-29=\":443\"; ma=2592000,h3-T051=\":443\"; ma=2592000,h3-Q050=\":443\"; ma=2592000,h3-Q046=\":443\"; ma=2592000,h3-Q043=\":443\"; ma=2592000,quic=\":443\"; ma=2592000; v=\"46,43\"","accept-ranges":"none","transfer-encoding":"chunked"}
[debug] [2020-12-16T15:34:53.415Z] >>> HTTP REQUEST GET https://cloudfunctions.googleapis.com/v1/operations/bW9ub3BvbHktbGlmZS91cy1jZW50cmFsMS9hcHAvSXVmMTd5ajhSbzA  
 
[debug] [2020-12-16T15:34:53.680Z] <<< HTTP RESPONSE 200 {"content-type":"application/json; charset=UTF-8","vary":"X-Origin, Referer, Origin,Accept-Encoding","date":"Wed, 16 Dec 2020 15:34:56 GMT","server":"ESF","cache-control":"private","x-xss-protection":"0","x-frame-options":"SAMEORIGIN","x-content-type-options":"nosniff","alt-svc":"h3-29=\":443\"; ma=2592000,h3-T051=\":443\"; ma=2592000,h3-Q050=\":443\"; ma=2592000,h3-Q046=\":443\"; ma=2592000,h3-Q043=\":443\"; ma=2592000,quic=\":443\"; ma=2592000; v=\"46,43\"","accept-ranges":"none","transfer-encoding":"chunked"}
[debug] [2020-12-16T15:34:55.685Z] >>> HTTP REQUEST GET https://cloudfunctions.googleapis.com/v1/operations/bW9ub3BvbHktbGlmZS91cy1jZW50cmFsMS9hcHAvSXVmMTd5ajhSbzA  
 
[debug] [2020-12-16T15:34:55.940Z] <<< HTTP RESPONSE 200 {"content-type":"application/json; charset=UTF-8","vary":"X-Origin, Referer, Origin,Accept-Encoding","date":"Wed, 16 Dec 2020 15:34:58 GMT","server":"ESF","cache-control":"private","x-xss-protection":"0","x-frame-options":"SAMEORIGIN","x-content-type-options":"nosniff","alt-svc":"h3-29=\":443\"; ma=2592000,h3-T051=\":443\"; ma=2592000,h3-Q050=\":443\"; ma=2592000,h3-Q046=\":443\"; ma=2592000,h3-Q043=\":443\"; ma=2592000,quic=\":443\"; ma=2592000; v=\"46,43\"","accept-ranges":"none","transfer-encoding":"chunked"}
[debug] [2020-12-16T15:34:57.953Z] >>> HTTP REQUEST GET https://cloudfunctions.googleapis.com/v1/operations/bW9ub3BvbHktbGlmZS91cy1jZW50cmFsMS9hcHAvSXVmMTd5ajhSbzA  
 
[debug] [2020-12-16T15:34:58.213Z] <<< HTTP RESPONSE 200 {"content-type":"application/json; charset=UTF-8","vary":"X-Origin, Referer, Origin,Accept-Encoding","date":"Wed, 16 Dec 2020 15:35:00 GMT","server":"ESF","cache-control":"private","x-xss-protection":"0","x-frame-options":"SAMEORIGIN","x-content-type-options":"nosniff","alt-svc":"h3-29=\":443\"; ma=2592000,h3-T051=\":443\"; ma=2592000,h3-Q050=\":443\"; ma=2592000,h3-Q046=\":443\"; ma=2592000,h3-Q043=\":443\"; ma=2592000,quic=\":443\"; ma=2592000; v=\"46,43\"","accept-ranges":"none","transfer-encoding":"chunked"}
[debug] [2020-12-16T15:35:00.219Z] >>> HTTP REQUEST GET https://cloudfunctions.googleapis.com/v1/operations/bW9ub3BvbHktbGlmZS91cy1jZW50cmFsMS9hcHAvSXVmMTd5ajhSbzA  
 
[debug] [2020-12-16T15:35:00.521Z] <<< HTTP RESPONSE 200 {"content-type":"application/json; charset=UTF-8","vary":"X-Origin, Referer, Origin,Accept-Encoding","date":"Wed, 16 Dec 2020 15:35:03 GMT","server":"ESF","cache-control":"private","x-xss-protection":"0","x-frame-options":"SAMEORIGIN","x-content-type-options":"nosniff","alt-svc":"h3-29=\":443\"; ma=2592000,h3-T051=\":443\"; ma=2592000,h3-Q050=\":443\"; ma=2592000,h3-Q046=\":443\"; ma=2592000,h3-Q043=\":443\"; ma=2592000,quic=\":443\"; ma=2592000; v=\"46,43\"","accept-ranges":"none","transfer-encoding":"chunked"}
[debug] [2020-12-16T15:35:02.530Z] >>> HTTP REQUEST GET https://cloudfunctions.googleapis.com/v1/operations/bW9ub3BvbHktbGlmZS91cy1jZW50cmFsMS9hcHAvSXVmMTd5ajhSbzA  
 
[debug] [2020-12-16T15:35:02.798Z] <<< HTTP RESPONSE 200 {"content-type":"application/json; charset=UTF-8","vary":"X-Origin, Referer, Origin,Accept-Encoding","date":"Wed, 16 Dec 2020 15:35:05 GMT","server":"ESF","cache-control":"private","x-xss-protection":"0","x-frame-options":"SAMEORIGIN","x-content-type-options":"nosniff","alt-svc":"h3-29=\":443\"; ma=2592000,h3-T051=\":443\"; ma=2592000,h3-Q050=\":443\"; ma=2592000,h3-Q046=\":443\"; ma=2592000,h3-Q043=\":443\"; ma=2592000,quic=\":443\"; ma=2592000; v=\"46,43\"","accept-ranges":"none","transfer-encoding":"chunked"}
[debug] [2020-12-16T15:35:04.811Z] >>> HTTP REQUEST GET https://cloudfunctions.googleapis.com/v1/operations/bW9ub3BvbHktbGlmZS91cy1jZW50cmFsMS9hcHAvSXVmMTd5ajhSbzA  
 
[debug] [2020-12-16T15:35:05.052Z] <<< HTTP RESPONSE 200 {"content-type":"application/json; charset=UTF-8","vary":"X-Origin, Referer, Origin,Accept-Encoding","date":"Wed, 16 Dec 2020 15:35:07 GMT","server":"ESF","cache-control":"private","x-xss-protection":"0","x-frame-options":"SAMEORIGIN","x-content-type-options":"nosniff","alt-svc":"h3-29=\":443\"; ma=2592000,h3-T051=\":443\"; ma=2592000,h3-Q050=\":443\"; ma=2592000,h3-Q046=\":443\"; ma=2592000,h3-Q043=\":443\"; ma=2592000,quic=\":443\"; ma=2592000; v=\"46,43\"","accept-ranges":"none","transfer-encoding":"chunked"}
[debug] [2020-12-16T15:35:07.065Z] >>> HTTP REQUEST GET https://cloudfunctions.googleapis.com/v1/operations/bW9ub3BvbHktbGlmZS91cy1jZW50cmFsMS9hcHAvSXVmMTd5ajhSbzA  
 
[debug] [2020-12-16T15:35:07.352Z] <<< HTTP RESPONSE 200 {"content-type":"application/json; charset=UTF-8","vary":"X-Origin, Referer, Origin,Accept-Encoding","date":"Wed, 16 Dec 2020 15:35:10 GMT","server":"ESF","cache-control":"private","x-xss-protection":"0","x-frame-options":"SAMEORIGIN","x-content-type-options":"nosniff","alt-svc":"h3-29=\":443\"; ma=2592000,h3-T051=\":443\"; ma=2592000,h3-Q050=\":443\"; ma=2592000,h3-Q046=\":443\"; ma=2592000,h3-Q043=\":443\"; ma=2592000,quic=\":443\"; ma=2592000; v=\"46,43\"","accept-ranges":"none","transfer-encoding":"chunked"}
[debug] [2020-12-16T15:35:09.368Z] >>> HTTP REQUEST GET https://cloudfunctions.googleapis.com/v1/operations/bW9ub3BvbHktbGlmZS91cy1jZW50cmFsMS9hcHAvSXVmMTd5ajhSbzA  
 
[debug] [2020-12-16T15:35:09.617Z] <<< HTTP RESPONSE 200 {"content-type":"application/json; charset=UTF-8","vary":"X-Origin, Referer, Origin,Accept-Encoding","date":"Wed, 16 Dec 2020 15:35:12 GMT","server":"ESF","cache-control":"private","x-xss-protection":"0","x-frame-options":"SAMEORIGIN","x-content-type-options":"nosniff","alt-svc":"h3-29=\":443\"; ma=2592000,h3-T051=\":443\"; ma=2592000,h3-Q050=\":443\"; ma=2592000,h3-Q046=\":443\"; ma=2592000,h3-Q043=\":443\"; ma=2592000,quic=\":443\"; ma=2592000; v=\"46,43\"","accept-ranges":"none","transfer-encoding":"chunked"}
[debug] [2020-12-16T15:35:11.629Z] >>> HTTP REQUEST GET https://cloudfunctions.googleapis.com/v1/operations/bW9ub3BvbHktbGlmZS91cy1jZW50cmFsMS9hcHAvSXVmMTd5ajhSbzA  
 
[debug] [2020-12-16T15:35:11.890Z] <<< HTTP RESPONSE 200 {"content-type":"application/json; charset=UTF-8","vary":"X-Origin, Referer, Origin,Accept-Encoding","date":"Wed, 16 Dec 2020 15:35:14 GMT","server":"ESF","cache-control":"private","x-xss-protection":"0","x-frame-options":"SAMEORIGIN","x-content-type-options":"nosniff","alt-svc":"h3-29=\":443\"; ma=2592000,h3-T051=\":443\"; ma=2592000,h3-Q050=\":443\"; ma=2592000,h3-Q046=\":443\"; ma=2592000,h3-Q043=\":443\"; ma=2592000,quic=\":443\"; ma=2592000; v=\"46,43\"","accept-ranges":"none","transfer-encoding":"chunked"}
[debug] [2020-12-16T15:35:13.890Z] >>> HTTP REQUEST GET https://cloudfunctions.googleapis.com/v1/operations/bW9ub3BvbHktbGlmZS91cy1jZW50cmFsMS9hcHAvSXVmMTd5ajhSbzA  
 
[debug] [2020-12-16T15:35:14.146Z] <<< HTTP RESPONSE 200 {"content-type":"application/json; charset=UTF-8","vary":"X-Origin, Referer, Origin,Accept-Encoding","date":"Wed, 16 Dec 2020 15:35:16 GMT","server":"ESF","cache-control":"private","x-xss-protection":"0","x-frame-options":"SAMEORIGIN","x-content-type-options":"nosniff","alt-svc":"h3-29=\":443\"; ma=2592000,h3-T051=\":443\"; ma=2592000,h3-Q050=\":443\"; ma=2592000,h3-Q046=\":443\"; ma=2592000,h3-Q043=\":443\"; ma=2592000,quic=\":443\"; ma=2592000; v=\"46,43\"","accept-ranges":"none","transfer-encoding":"chunked"}
[debug] [2020-12-16T15:35:16.155Z] >>> HTTP REQUEST GET https://cloudfunctions.googleapis.com/v1/operations/bW9ub3BvbHktbGlmZS91cy1jZW50cmFsMS9hcHAvSXVmMTd5ajhSbzA  
 
[debug] [2020-12-16T15:35:16.414Z] <<< HTTP RESPONSE 200 {"content-type":"application/json; charset=UTF-8","vary":"X-Origin, Referer, Origin,Accept-Encoding","date":"Wed, 16 Dec 2020 15:35:19 GMT","server":"ESF","cache-control":"private","x-xss-protection":"0","x-frame-options":"SAMEORIGIN","x-content-type-options":"nosniff","alt-svc":"h3-29=\":443\"; ma=2592000,h3-T051=\":443\"; ma=2592000,h3-Q050=\":443\"; ma=2592000,h3-Q046=\":443\"; ma=2592000,h3-Q043=\":443\"; ma=2592000,quic=\":443\"; ma=2592000; v=\"46,43\"","accept-ranges":"none","transfer-encoding":"chunked"}
[debug] [2020-12-16T15:35:18.424Z] >>> HTTP REQUEST GET https://cloudfunctions.googleapis.com/v1/operations/bW9ub3BvbHktbGlmZS91cy1jZW50cmFsMS9hcHAvSXVmMTd5ajhSbzA  
 
[debug] [2020-12-16T15:35:18.689Z] <<< HTTP RESPONSE 200 {"content-type":"application/json; charset=UTF-8","vary":"X-Origin, Referer, Origin,Accept-Encoding","date":"Wed, 16 Dec 2020 15:35:21 GMT","server":"ESF","cache-control":"private","x-xss-protection":"0","x-frame-options":"SAMEORIGIN","x-content-type-options":"nosniff","alt-svc":"h3-29=\":443\"; ma=2592000,h3-T051=\":443\"; ma=2592000,h3-Q050=\":443\"; ma=2592000,h3-Q046=\":443\"; ma=2592000,h3-Q043=\":443\"; ma=2592000,quic=\":443\"; ma=2592000; v=\"46,43\"","accept-ranges":"none","transfer-encoding":"chunked"}
[debug] [2020-12-16T15:35:20.702Z] >>> HTTP REQUEST GET https://cloudfunctions.googleapis.com/v1/operations/bW9ub3BvbHktbGlmZS91cy1jZW50cmFsMS9hcHAvSXVmMTd5ajhSbzA  
 
[debug] [2020-12-16T15:35:20.974Z] <<< HTTP RESPONSE 200 {"content-type":"application/json; charset=UTF-8","vary":"X-Origin, Referer, Origin,Accept-Encoding","date":"Wed, 16 Dec 2020 15:35:23 GMT","server":"ESF","cache-control":"private","x-xss-protection":"0","x-frame-options":"SAMEORIGIN","x-content-type-options":"nosniff","alt-svc":"h3-29=\":443\"; ma=2592000,h3-T051=\":443\"; ma=2592000,h3-Q050=\":443\"; ma=2592000,h3-Q046=\":443\"; ma=2592000,h3-Q043=\":443\"; ma=2592000,quic=\":443\"; ma=2592000; v=\"46,43\"","accept-ranges":"none","transfer-encoding":"chunked"}
[debug] [2020-12-16T15:35:22.982Z] >>> HTTP REQUEST GET https://cloudfunctions.googleapis.com/v1/operations/bW9ub3BvbHktbGlmZS91cy1jZW50cmFsMS9hcHAvSXVmMTd5ajhSbzA  
 
[debug] [2020-12-16T15:35:23.225Z] <<< HTTP RESPONSE 200 {"content-type":"application/json; charset=UTF-8","vary":"X-Origin, Referer, Origin,Accept-Encoding","date":"Wed, 16 Dec 2020 15:35:25 GMT","server":"ESF","cache-control":"private","x-xss-protection":"0","x-frame-options":"SAMEORIGIN","x-content-type-options":"nosniff","alt-svc":"h3-29=\":443\"; ma=2592000,h3-T051=\":443\"; ma=2592000,h3-Q050=\":443\"; ma=2592000,h3-Q046=\":443\"; ma=2592000,h3-Q043=\":443\"; ma=2592000,quic=\":443\"; ma=2592000; v=\"46,43\"","accept-ranges":"none","transfer-encoding":"chunked"}
[debug] [2020-12-16T15:35:25.239Z] >>> HTTP REQUEST GET https://cloudfunctions.googleapis.com/v1/operations/bW9ub3BvbHktbGlmZS91cy1jZW50cmFsMS9hcHAvSXVmMTd5ajhSbzA  
 
[debug] [2020-12-16T15:35:25.536Z] <<< HTTP RESPONSE 200 {"content-type":"application/json; charset=UTF-8","vary":"X-Origin, Referer, Origin,Accept-Encoding","date":"Wed, 16 Dec 2020 15:35:28 GMT","server":"ESF","cache-control":"private","x-xss-protection":"0","x-frame-options":"SAMEORIGIN","x-content-type-options":"nosniff","alt-svc":"h3-29=\":443\"; ma=2592000,h3-T051=\":443\"; ma=2592000,h3-Q050=\":443\"; ma=2592000,h3-Q046=\":443\"; ma=2592000,h3-Q043=\":443\"; ma=2592000,quic=\":443\"; ma=2592000; v=\"46,43\"","accept-ranges":"none","transfer-encoding":"chunked"}
[debug] [2020-12-16T15:35:27.552Z] >>> HTTP REQUEST GET https://cloudfunctions.googleapis.com/v1/operations/bW9ub3BvbHktbGlmZS91cy1jZW50cmFsMS9hcHAvSXVmMTd5ajhSbzA  
 
[debug] [2020-12-16T15:35:27.825Z] <<< HTTP RESPONSE 200 {"content-type":"application/json; charset=UTF-8","vary":"X-Origin, Referer, Origin,Accept-Encoding","date":"Wed, 16 Dec 2020 15:35:30 GMT","server":"ESF","cache-control":"private","x-xss-protection":"0","x-frame-options":"SAMEORIGIN","x-content-type-options":"nosniff","alt-svc":"h3-29=\":443\"; ma=2592000,h3-T051=\":443\"; ma=2592000,h3-Q050=\":443\"; ma=2592000,h3-Q046=\":443\"; ma=2592000,h3-Q043=\":443\"; ma=2592000,quic=\":443\"; ma=2592000; v=\"46,43\"","accept-ranges":"none","transfer-encoding":"chunked"}
[debug] [2020-12-16T15:35:29.829Z] >>> HTTP REQUEST GET https://cloudfunctions.googleapis.com/v1/operations/bW9ub3BvbHktbGlmZS91cy1jZW50cmFsMS9hcHAvSXVmMTd5ajhSbzA  
 
[debug] [2020-12-16T15:35:30.101Z] <<< HTTP RESPONSE 200 {"content-type":"application/json; charset=UTF-8","vary":"X-Origin, Referer, Origin,Accept-Encoding","date":"Wed, 16 Dec 2020 15:35:32 GMT","server":"ESF","cache-control":"private","x-xss-protection":"0","x-frame-options":"SAMEORIGIN","x-content-type-options":"nosniff","alt-svc":"h3-29=\":443\"; ma=2592000,h3-T051=\":443\"; ma=2592000,h3-Q050=\":443\"; ma=2592000,h3-Q046=\":443\"; ma=2592000,h3-Q043=\":443\"; ma=2592000,quic=\":443\"; ma=2592000; v=\"46,43\"","accept-ranges":"none","transfer-encoding":"chunked"}
[debug] [2020-12-16T15:35:32.116Z] >>> HTTP REQUEST GET https://cloudfunctions.googleapis.com/v1/operations/bW9ub3BvbHktbGlmZS91cy1jZW50cmFsMS9hcHAvSXVmMTd5ajhSbzA  
 
[debug] [2020-12-16T15:35:32.403Z] <<< HTTP RESPONSE 200 {"content-type":"application/json; charset=UTF-8","vary":"X-Origin, Referer, Origin,Accept-Encoding","date":"Wed, 16 Dec 2020 15:35:35 GMT","server":"ESF","cache-control":"private","x-xss-protection":"0","x-frame-options":"SAMEORIGIN","x-content-type-options":"nosniff","alt-svc":"h3-29=\":443\"; ma=2592000,h3-T051=\":443\"; ma=2592000,h3-Q050=\":443\"; ma=2592000,h3-Q046=\":443\"; ma=2592000,h3-Q043=\":443\"; ma=2592000,quic=\":443\"; ma=2592000; v=\"46,43\"","accept-ranges":"none","transfer-encoding":"chunked"}
[debug] [2020-12-16T15:35:34.416Z] >>> HTTP REQUEST GET https://cloudfunctions.googleapis.com/v1/operations/bW9ub3BvbHktbGlmZS91cy1jZW50cmFsMS9hcHAvSXVmMTd5ajhSbzA  
 
[debug] [2020-12-16T15:35:34.673Z] <<< HTTP RESPONSE 200 {"content-type":"application/json; charset=UTF-8","vary":"X-Origin, Referer, Origin,Accept-Encoding","date":"Wed, 16 Dec 2020 15:35:37 GMT","server":"ESF","cache-control":"private","x-xss-protection":"0","x-frame-options":"SAMEORIGIN","x-content-type-options":"nosniff","alt-svc":"h3-29=\":443\"; ma=2592000,h3-T051=\":443\"; ma=2592000,h3-Q050=\":443\"; ma=2592000,h3-Q046=\":443\"; ma=2592000,h3-Q043=\":443\"; ma=2592000,quic=\":443\"; ma=2592000; v=\"46,43\"","accept-ranges":"none","transfer-encoding":"chunked"}
[debug] [2020-12-16T15:35:36.675Z] >>> HTTP REQUEST GET https://cloudfunctions.googleapis.com/v1/operations/bW9ub3BvbHktbGlmZS91cy1jZW50cmFsMS9hcHAvSXVmMTd5ajhSbzA  
 
[debug] [2020-12-16T15:35:36.938Z] <<< HTTP RESPONSE 200 {"content-type":"application/json; charset=UTF-8","vary":"X-Origin, Referer, Origin,Accept-Encoding","date":"Wed, 16 Dec 2020 15:35:39 GMT","server":"ESF","cache-control":"private","x-xss-protection":"0","x-frame-options":"SAMEORIGIN","x-content-type-options":"nosniff","alt-svc":"h3-29=\":443\"; ma=2592000,h3-T051=\":443\"; ma=2592000,h3-Q050=\":443\"; ma=2592000,h3-Q046=\":443\"; ma=2592000,h3-Q043=\":443\"; ma=2592000,quic=\":443\"; ma=2592000; v=\"46,43\"","accept-ranges":"none","transfer-encoding":"chunked"}
[debug] [2020-12-16T15:35:38.941Z] >>> HTTP REQUEST GET https://cloudfunctions.googleapis.com/v1/operations/bW9ub3BvbHktbGlmZS91cy1jZW50cmFsMS9hcHAvSXVmMTd5ajhSbzA  
 
[debug] [2020-12-16T15:35:39.200Z] <<< HTTP RESPONSE 200 {"content-type":"application/json; charset=UTF-8","vary":"X-Origin, Referer, Origin,Accept-Encoding","date":"Wed, 16 Dec 2020 15:35:41 GMT","server":"ESF","cache-control":"private","x-xss-protection":"0","x-frame-options":"SAMEORIGIN","x-content-type-options":"nosniff","alt-svc":"h3-29=\":443\"; ma=2592000,h3-T051=\":443\"; ma=2592000,h3-Q050=\":443\"; ma=2592000,h3-Q046=\":443\"; ma=2592000,h3-Q043=\":443\"; ma=2592000,quic=\":443\"; ma=2592000; v=\"46,43\"","accept-ranges":"none","transfer-encoding":"chunked"}
[debug] [2020-12-16T15:35:41.206Z] >>> HTTP REQUEST GET https://cloudfunctions.googleapis.com/v1/operations/bW9ub3BvbHktbGlmZS91cy1jZW50cmFsMS9hcHAvSXVmMTd5ajhSbzA  
 
[debug] [2020-12-16T15:35:41.461Z] <<< HTTP RESPONSE 200 {"content-type":"application/json; charset=UTF-8","vary":"X-Origin, Referer, Origin,Accept-Encoding","date":"Wed, 16 Dec 2020 15:35:44 GMT","server":"ESF","cache-control":"private","x-xss-protection":"0","x-frame-options":"SAMEORIGIN","x-content-type-options":"nosniff","alt-svc":"h3-29=\":443\"; ma=2592000,h3-T051=\":443\"; ma=2592000,h3-Q050=\":443\"; ma=2592000,h3-Q046=\":443\"; ma=2592000,h3-Q043=\":443\"; ma=2592000,quic=\":443\"; ma=2592000; v=\"46,43\"","accept-ranges":"none","transfer-encoding":"chunked"}
[debug] [2020-12-16T15:35:43.465Z] >>> HTTP REQUEST GET https://cloudfunctions.googleapis.com/v1/operations/bW9ub3BvbHktbGlmZS91cy1jZW50cmFsMS9hcHAvSXVmMTd5ajhSbzA  
 
[debug] [2020-12-16T15:35:43.735Z] <<< HTTP RESPONSE 200 {"content-type":"application/json; charset=UTF-8","vary":"X-Origin, Referer, Origin,Accept-Encoding","date":"Wed, 16 Dec 2020 15:35:46 GMT","server":"ESF","cache-control":"private","x-xss-protection":"0","x-frame-options":"SAMEORIGIN","x-content-type-options":"nosniff","alt-svc":"h3-29=\":443\"; ma=2592000,h3-T051=\":443\"; ma=2592000,h3-Q050=\":443\"; ma=2592000,h3-Q046=\":443\"; ma=2592000,h3-Q043=\":443\"; ma=2592000,quic=\":443\"; ma=2592000; v=\"46,43\"","accept-ranges":"none","transfer-encoding":"chunked"}
[debug] [2020-12-16T15:35:45.750Z] >>> HTTP REQUEST GET https://cloudfunctions.googleapis.com/v1/operations/bW9ub3BvbHktbGlmZS91cy1jZW50cmFsMS9hcHAvSXVmMTd5ajhSbzA  
 
[debug] [2020-12-16T15:35:46.006Z] <<< HTTP RESPONSE 200 {"content-type":"application/json; charset=UTF-8","vary":"X-Origin, Referer, Origin,Accept-Encoding","date":"Wed, 16 Dec 2020 15:35:48 GMT","server":"ESF","cache-control":"private","x-xss-protection":"0","x-frame-options":"SAMEORIGIN","x-content-type-options":"nosniff","alt-svc":"h3-29=\":443\"; ma=2592000,h3-T051=\":443\"; ma=2592000,h3-Q050=\":443\"; ma=2592000,h3-Q046=\":443\"; ma=2592000,h3-Q043=\":443\"; ma=2592000,quic=\":443\"; ma=2592000; v=\"46,43\"","accept-ranges":"none","transfer-encoding":"chunked"}
[debug] [2020-12-16T15:35:48.016Z] >>> HTTP REQUEST GET https://cloudfunctions.googleapis.com/v1/operations/bW9ub3BvbHktbGlmZS91cy1jZW50cmFsMS9hcHAvSXVmMTd5ajhSbzA  
 
[debug] [2020-12-16T15:35:48.258Z] <<< HTTP RESPONSE 200 {"content-type":"application/json; charset=UTF-8","vary":"X-Origin, Referer, Origin,Accept-Encoding","date":"Wed, 16 Dec 2020 15:35:50 GMT","server":"ESF","cache-control":"private","x-xss-protection":"0","x-frame-options":"SAMEORIGIN","x-content-type-options":"nosniff","alt-svc":"h3-29=\":443\"; ma=2592000,h3-T051=\":443\"; ma=2592000,h3-Q050=\":443\"; ma=2592000,h3-Q046=\":443\"; ma=2592000,h3-Q043=\":443\"; ma=2592000,quic=\":443\"; ma=2592000; v=\"46,43\"","accept-ranges":"none","transfer-encoding":"chunked"}
[debug] [2020-12-16T15:35:50.269Z] >>> HTTP REQUEST GET https://cloudfunctions.googleapis.com/v1/operations/bW9ub3BvbHktbGlmZS91cy1jZW50cmFsMS9hcHAvSXVmMTd5ajhSbzA  
 
[debug] [2020-12-16T15:35:50.541Z] <<< HTTP RESPONSE 200 {"content-type":"application/json; charset=UTF-8","vary":"X-Origin, Referer, Origin,Accept-Encoding","date":"Wed, 16 Dec 2020 15:35:53 GMT","server":"ESF","cache-control":"private","x-xss-protection":"0","x-frame-options":"SAMEORIGIN","x-content-type-options":"nosniff","alt-svc":"h3-29=\":443\"; ma=2592000,h3-T051=\":443\"; ma=2592000,h3-Q050=\":443\"; ma=2592000,h3-Q046=\":443\"; ma=2592000,h3-Q043=\":443\"; ma=2592000,quic=\":443\"; ma=2592000; v=\"46,43\"","accept-ranges":"none","transfer-encoding":"chunked"}
[debug] [2020-12-16T15:35:52.545Z] >>> HTTP REQUEST GET https://cloudfunctions.googleapis.com/v1/operations/bW9ub3BvbHktbGlmZS91cy1jZW50cmFsMS9hcHAvSXVmMTd5ajhSbzA  
 
[debug] [2020-12-16T15:35:52.809Z] <<< HTTP RESPONSE 200 {"content-type":"application/json; charset=UTF-8","vary":"X-Origin, Referer, Origin,Accept-Encoding","date":"Wed, 16 Dec 2020 15:35:55 GMT","server":"ESF","cache-control":"private","x-xss-protection":"0","x-frame-options":"SAMEORIGIN","x-content-type-options":"nosniff","alt-svc":"h3-29=\":443\"; ma=2592000,h3-T051=\":443\"; ma=2592000,h3-Q050=\":443\"; ma=2592000,h3-Q046=\":443\"; ma=2592000,h3-Q043=\":443\"; ma=2592000,quic=\":443\"; ma=2592000; v=\"46,43\"","accept-ranges":"none","transfer-encoding":"chunked"}
[debug] [2020-12-16T15:35:54.825Z] >>> HTTP REQUEST GET https://cloudfunctions.googleapis.com/v1/operations/bW9ub3BvbHktbGlmZS91cy1jZW50cmFsMS9hcHAvSXVmMTd5ajhSbzA  
 
[debug] [2020-12-16T15:35:55.082Z] <<< HTTP RESPONSE 200 {"content-type":"application/json; charset=UTF-8","vary":"X-Origin, Referer, Origin,Accept-Encoding","date":"Wed, 16 Dec 2020 15:35:57 GMT","server":"ESF","cache-control":"private","x-xss-protection":"0","x-frame-options":"SAMEORIGIN","x-content-type-options":"nosniff","alt-svc":"h3-29=\":443\"; ma=2592000,h3-T051=\":443\"; ma=2592000,h3-Q050=\":443\"; ma=2592000,h3-Q046=\":443\"; ma=2592000,h3-Q043=\":443\"; ma=2592000,quic=\":443\"; ma=2592000; v=\"46,43\"","accept-ranges":"none","transfer-encoding":"chunked"}
[debug] [2020-12-16T15:35:57.088Z] >>> HTTP REQUEST GET https://cloudfunctions.googleapis.com/v1/operations/bW9ub3BvbHktbGlmZS91cy1jZW50cmFsMS9hcHAvSXVmMTd5ajhSbzA  
 
[debug] [2020-12-16T15:35:57.381Z] <<< HTTP RESPONSE 200 {"content-type":"application/json; charset=UTF-8","vary":"X-Origin, Referer, Origin,Accept-Encoding","date":"Wed, 16 Dec 2020 15:36:00 GMT","server":"ESF","cache-control":"private","x-xss-protection":"0","x-frame-options":"SAMEORIGIN","x-content-type-options":"nosniff","alt-svc":"h3-29=\":443\"; ma=2592000,h3-T051=\":443\"; ma=2592000,h3-Q050=\":443\"; ma=2592000,h3-Q046=\":443\"; ma=2592000,h3-Q043=\":443\"; ma=2592000,quic=\":443\"; ma=2592000; v=\"46,43\"","accept-ranges":"none","transfer-encoding":"chunked"}
[debug] [2020-12-16T15:35:59.389Z] >>> HTTP REQUEST GET https://cloudfunctions.googleapis.com/v1/operations/bW9ub3BvbHktbGlmZS91cy1jZW50cmFsMS9hcHAvSXVmMTd5ajhSbzA  
 
[debug] [2020-12-16T15:35:59.656Z] <<< HTTP RESPONSE 200 {"content-type":"application/json; charset=UTF-8","vary":"X-Origin, Referer, Origin,Accept-Encoding","date":"Wed, 16 Dec 2020 15:36:02 GMT","server":"ESF","cache-control":"private","x-xss-protection":"0","x-frame-options":"SAMEORIGIN","x-content-type-options":"nosniff","alt-svc":"h3-29=\":443\"; ma=2592000,h3-T051=\":443\"; ma=2592000,h3-Q050=\":443\"; ma=2592000,h3-Q046=\":443\"; ma=2592000,h3-Q043=\":443\"; ma=2592000,quic=\":443\"; ma=2592000; v=\"46,43\"","accept-ranges":"none","transfer-encoding":"chunked"}
[debug] [2020-12-16T15:36:01.664Z] >>> HTTP REQUEST GET https://cloudfunctions.googleapis.com/v1/operations/bW9ub3BvbHktbGlmZS91cy1jZW50cmFsMS9hcHAvSXVmMTd5ajhSbzA  
 
[debug] [2020-12-16T15:36:01.930Z] <<< HTTP RESPONSE 200 {"content-type":"application/json; charset=UTF-8","vary":"X-Origin, Referer, Origin,Accept-Encoding","date":"Wed, 16 Dec 2020 15:36:04 GMT","server":"ESF","cache-control":"private","x-xss-protection":"0","x-frame-options":"SAMEORIGIN","x-content-type-options":"nosniff","alt-svc":"h3-29=\":443\"; ma=2592000,h3-T051=\":443\"; ma=2592000,h3-Q050=\":443\"; ma=2592000,h3-Q046=\":443\"; ma=2592000,h3-Q043=\":443\"; ma=2592000,quic=\":443\"; ma=2592000; v=\"46,43\"","accept-ranges":"none","transfer-encoding":"chunked"}
[debug] [2020-12-16T15:36:03.945Z] >>> HTTP REQUEST GET https://cloudfunctions.googleapis.com/v1/operations/bW9ub3BvbHktbGlmZS91cy1jZW50cmFsMS9hcHAvSXVmMTd5ajhSbzA  
 
[debug] [2020-12-16T15:36:04.197Z] <<< HTTP RESPONSE 200 {"content-type":"application/json; charset=UTF-8","vary":"X-Origin, Referer, Origin,Accept-Encoding","date":"Wed, 16 Dec 2020 15:36:06 GMT","server":"ESF","cache-control":"private","x-xss-protection":"0","x-frame-options":"SAMEORIGIN","x-content-type-options":"nosniff","alt-svc":"h3-29=\":443\"; ma=2592000,h3-T051=\":443\"; ma=2592000,h3-Q050=\":443\"; ma=2592000,h3-Q046=\":443\"; ma=2592000,h3-Q043=\":443\"; ma=2592000,quic=\":443\"; ma=2592000; v=\"46,43\"","accept-ranges":"none","transfer-encoding":"chunked"}
[debug] [2020-12-16T15:36:06.210Z] >>> HTTP REQUEST GET https://cloudfunctions.googleapis.com/v1/operations/bW9ub3BvbHktbGlmZS91cy1jZW50cmFsMS9hcHAvSXVmMTd5ajhSbzA  
 
[debug] [2020-12-16T15:36:06.469Z] <<< HTTP RESPONSE 200 {"content-type":"application/json; charset=UTF-8","vary":"X-Origin, Referer, Origin,Accept-Encoding","date":"Wed, 16 Dec 2020 15:36:09 GMT","server":"ESF","cache-control":"private","x-xss-protection":"0","x-frame-options":"SAMEORIGIN","x-content-type-options":"nosniff","alt-svc":"h3-29=\":443\"; ma=2592000,h3-T051=\":443\"; ma=2592000,h3-Q050=\":443\"; ma=2592000,h3-Q046=\":443\"; ma=2592000,h3-Q043=\":443\"; ma=2592000,quic=\":443\"; ma=2592000; v=\"46,43\"","accept-ranges":"none","transfer-encoding":"chunked"}
[debug] [2020-12-16T15:36:08.480Z] >>> HTTP REQUEST GET https://cloudfunctions.googleapis.com/v1/operations/bW9ub3BvbHktbGlmZS91cy1jZW50cmFsMS9hcHAvSXVmMTd5ajhSbzA  
 
[debug] [2020-12-16T15:36:08.739Z] <<< HTTP RESPONSE 200 {"content-type":"application/json; charset=UTF-8","vary":"X-Origin, Referer, Origin,Accept-Encoding","date":"Wed, 16 Dec 2020 15:36:11 GMT","server":"ESF","cache-control":"private","x-xss-protection":"0","x-frame-options":"SAMEORIGIN","x-content-type-options":"nosniff","alt-svc":"h3-29=\":443\"; ma=2592000,h3-T051=\":443\"; ma=2592000,h3-Q050=\":443\"; ma=2592000,h3-Q046=\":443\"; ma=2592000,h3-Q043=\":443\"; ma=2592000,quic=\":443\"; ma=2592000; v=\"46,43\"","accept-ranges":"none","transfer-encoding":"chunked"}
[debug] [2020-12-16T15:36:10.750Z] >>> HTTP REQUEST GET https://cloudfunctions.googleapis.com/v1/operations/bW9ub3BvbHktbGlmZS91cy1jZW50cmFsMS9hcHAvSXVmMTd5ajhSbzA  
 
[debug] [2020-12-16T15:36:11.046Z] <<< HTTP RESPONSE 200 {"content-type":"application/json; charset=UTF-8","vary":"X-Origin, Referer, Origin,Accept-Encoding","date":"Wed, 16 Dec 2020 15:36:13 GMT","server":"ESF","cache-control":"private","x-xss-protection":"0","x-frame-options":"SAMEORIGIN","x-content-type-options":"nosniff","alt-svc":"h3-29=\":443\"; ma=2592000,h3-T051=\":443\"; ma=2592000,h3-Q050=\":443\"; ma=2592000,h3-Q046=\":443\"; ma=2592000,h3-Q043=\":443\"; ma=2592000,quic=\":443\"; ma=2592000; v=\"46,43\"","accept-ranges":"none","transfer-encoding":"chunked"}
[info] +  functions[app(us-central1)]: Successful update operation.  
[debug] [2020-12-16T15:36:11.189Z] TypeError: checkForNode8 is not a function
    at C:\Users\38095\AppData\Roaming\npm\node_modules\firebase-tools\lib\deploy\functions\release.js:413:13
    at processTicksAndRejections (internal/process/task_queues.js:93:5)
[error] 
[error] Error: An unexpected error has occurred.
